MPASM 5.77                       PROGRAM.ASM   4-9-2023  16:58:41         PAGE  1


LOC  OBJECT CODE     LINE SOURCE TEXT
  VALUE

                      00001 ;**************************** CONFIG *******************************************
Warning[205]: Found directive in column 1. (List)
                      00002 List P=16F84A 
                      00003 #include <p16f84a.inc>
                      00001         LIST
                      00002 
                      00003 ;==========================================================================
                      00004 ; Build date : Nov 22 2017
                      00005 ;  MPASM PIC16F84A processor include
                      00006 ; 
                      00007 ;  (c) Copyright 1999-2017 Microchip Technology, All rights reserved
                      00008 ;==========================================================================
                      00009 
                      00209         LIST
                      00004     
2007   3FF1           00005  __CONFIG _FOSC_XT & _WDTE_OFF & _PWRTE_ON & _CP_OFF            
                      00006 ;************************ PROGRAMMING ******************************************
                      00007     ORG     0
0000                  00008 INICIO
0000   1683           00009     BSF     STATUS,RP0
Message[302]: Register in operand not in bank 0.  Ensure that bank bits are correct.
0001   0186           00010     CLRF    TRISB                                       ;PORTB output
0002   301F           00011     MOVLW   B'00011111'
Message[302]: Register in operand not in bank 0.  Ensure that bank bits are correct.
0003   0085           00012     MOVWF   TRISA                                       ;PORTA input
0004   1283           00013     BCF     STATUS,RP0
0005                  00014 START
0005   0805           00015     MOVF    PORTA,W                                     ;Read PORTA -> W 
0006   390F           00016     ANDLW   B'00001111'                                 ;Set display
                      00017 
0007   2???           00018     CALL    SETDISPLAY                                  ;Call SETDISPLAY 
0008   0086           00019     MOVWF   PORTB
0009   2???           00020     GOTO    START                                       ;Loop 
                      00021 ;************************** FUNCTIONS ******************************************
000A                  00022 SETDISPLAY                                                  
000A   0782           00023     ADDWF   PCL,F 
                      00024 
000B   343F           00025     RETLW   3FH                                         ;0
000C   3406           00026     RETLW   06H                                         ;1
000D   345B           00027     RETLW   5BH                                         ;2
000E   344F           00028     RETLW   4FH                                         ;3
000F   3466           00029     RETLW   66H                                         ;4
0010   346D           00030     RETLW   6DH                                         ;5
0011   347D           00031     RETLW   7DH                                         ;6
0012   3407           00032     RETLW   07H                                         ;7
0013   347F           00033     RETLW   7FH                                         ;8
0014   3467           00034     RETLW   67H                                         ;9
0015   3477           00035     RETLW   77H                                         ;A
0016   347C           00036     RETLW   7CH                                         ;B
0017   3439           00037     RETLW   39H                                         ;C
0018   345E           00038     RETLW   5EH                                         ;D
0019   3479           00039     RETLW   79H                                         ;E
001A   3471           00040     RETLW   71H                                         ;F 
MPASM 5.77                       PROGRAM.ASM   4-9-2023  16:58:41         PAGE  2


LOC  OBJECT CODE     LINE SOURCE TEXT
  VALUE

                      00041     
3FF1                  00042     END
MPASM 5.77                       PROGRAM.ASM   4-9-2023  16:58:41         PAGE  3


SYMBOL TABLE
  LABEL                             VALUE 

C                                 00000000
DC                                00000001
EEADR                             00000009
EECON1                            00000088
EECON2                            00000089
EEDATA                            00000008
EEIE                              00000006
EEIF                              00000004
F                                 00000001
FSR                               00000004
GIE                               00000007
INDF                              00000000
INICIO                            00000000
INTCON                            0000000B
INTE                              00000004
INTEDG                            00000006
INTF                              00000001
IRP                               00000007
NOT_PD                            00000003
NOT_RBPU                          00000007
NOT_TO                            00000004
OPTION_REG                        00000081
PCL                               00000002
PCLATH                            0000000A
PORTA                             00000005
PORTB                             00000006
PS0                               00000000
PS1                               00000001
PS2                               00000002
PSA                               00000003
RA0                               00000000
RA1                               00000001
RA2                               00000002
RA3                               00000003
RA4                               00000004
RB0                               00000000
RB1                               00000001
RB2                               00000002
RB3                               00000003
RB4                               00000004
RB5                               00000005
RB6                               00000006
RB7                               00000007
RBIE                              00000003
RBIF                              00000000
RD                                00000000
RP0                               00000005
RP1                               00000006
SETDISPLAY                        0000000A
START                             00000005
STATUS                            00000003
T0CS                              00000005
T0IE                              00000005
MPASM 5.77                       PROGRAM.ASM   4-9-2023  16:58:41         PAGE  4


SYMBOL TABLE
  LABEL                             VALUE 

T0IF                              00000002
T0SE                              00000004
TMR0                              00000001
TMR0IE                            00000005
TMR0IF                            00000002
TRISA                             00000085
TRISA0                            00000000
TRISA1                            00000001
TRISA2                            00000002
TRISA3                            00000003
TRISA4                            00000004
TRISB                             00000086
TRISB0                            00000000
TRISB1                            00000001
TRISB2                            00000002
TRISB3                            00000003
TRISB4                            00000004
TRISB5                            00000005
TRISB6                            00000006
TRISB7                            00000007
W                                 00000000
WR                                00000001
WREN                              00000002
WRERR                             00000003
Z                                 00000002
_CONFIG                           00002007
_CP_OFF                           00003FFF
_CP_ON                            0000000F
_DEVID1                           00002006
_FOSC_EXTRC                       00003FFF
_FOSC_HS                          00003FFE
_FOSC_LP                          00003FFC
_FOSC_XT                          00003FFD
_HS_OSC                           00003FFE
_IDLOC0                           00002000
_IDLOC1                           00002001
_IDLOC2                           00002002
_IDLOC3                           00002003
_LP_OSC                           00003FFC
_PWRTE_OFF                        00003FFF
_PWRTE_ON                         00003FF7
_RC_OSC                           00003FFF
_WDTE_OFF                         00003FFB
_WDTE_ON                          00003FFF
_WDT_OFF                          00003FFB
_WDT_ON                           00003FFF
_XT_OSC                           00003FFD
__16F84A                          00000001

Errors   :     0
Warnings :     1 reported,     0 suppressed
Messages :     2 reported,     0 suppressed

